<html>
<body>
<pre>
<h1>µVision Build Log</h1>
<h2>Tool Versions:</h2>
IDE-Version: ¦ÌVision V5.24.2.0
Copyright (C) 2017 ARM Ltd and ARM Germany GmbH. All rights reserved.
License Information: d fd, fd, LIC=YA39H-WNGGG-VESHA-1IDHK-QP61A-LNZDV
 
Tool Versions:
Toolchain:       MDK-ARM Plus  Version: 5.24.1
Toolchain Path:  D:\Keil5\ARM\ARMCC\Bin
C Compiler:      Armcc.exe V5.06 update 5 (build 528)
Assembler:       Armasm.exe V5.06 update 5 (build 528)
Linker/Locator:  ArmLink.exe V5.06 update 5 (build 528)
Library Manager: ArmAr.exe V5.06 update 5 (build 528)
Hex Converter:   FromElf.exe V5.06 update 5 (build 528)
CPU DLL:         SARMCM3.DLL V5.24.1
Dialog DLL:      DCM.DLL V1.16.0.0
Target DLL:      CMSIS_AGDI.dll V1.28.3.0
Dialog DLL:      TCM.DLL V1.32.0.0
 
<h2>Project:</h2>
E:\WRO¿ª·¢ÎÄµµ\WRO_project_hal\Projects\MDK-ARM\atk_f103.uvprojx
Project File Date:  08/23/2024

<h2>Output:</h2>
*** Using Compiler 'V5.06 update 5 (build 528)', folder: 'D:\Keil5\ARM\ARMCC\Bin'
Build target 'SPI'
assembling startup_stm32f103xe.s...
compiling main.c...
..\..\User\main.c(47): warning:  #223-D: function "MX_GPIO_Init" declared implicitly
      MX_GPIO_Init();
..\..\User\main.c(48): warning:  #223-D: function "MX_USART_Init" declared implicitly
      MX_USART_Init(); // ??TDS???
..\..\User\main.c(55): warning:  #223-D: function "MQTT_IsConnected" declared implicitly
          if (MQTT_IsConnected()) {
..\..\User\main.c(57): warning:  #223-D: function "Read_TDS_Sensor" declared implicitly
              tdsValue = Read_TDS_Sensor(TDS_SENSOR_UART_PORT);
..\..\User\main.c(57): error:  #20: identifier "huart1" is undefined
              tdsValue = Read_TDS_Sensor(
DS_SENSOR_UART_PORT);
..\..\User\main.c(58): warning:  #223-D: function "Read_Flow_Sensor" declared implicitly
              totalFlow += Read_Flow_Sensor(FLOW_SENSOR_GPIO_PORT, FLOW_SENSOR_PIN);
..\..\User\main.c(64): warning:  #223-D: function "Publish_MQTT_Data" declared implicitly
              Publish_MQTT_Data("tds/value", &tdsValue, sizeof(tdsValue));
..\..\User\main.c(80): warning:  #223-D: function "LED_Toggle" declared implicitly
          LED_Toggle(LED_STATUS_PIN); // ??????
..\..\User\main.c(93): error:  #159: declaration is incompatible with previous "Read_TDS_Sensor"  (declared at line 57)
  uint16_t Read_TDS_Sensor(UART_HandleTypeDef *huart) {
..\..\User\main.c(98): error:  #159: declaration is incompatible with previous "Read_Flow_Sensor"  (declared at line 58)
  uint32_t Read_Flow_Sensor(GPIO_TypeDef *gpio_port, uint16_t gpio_pin) {
..\..\User\main.c(103): error:  #159: declaration is incompatible with previous "Publish_MQTT_Data"  (declared at line 64)
  void Publish_MQTT_Data(char *topic, void *data, size_t size) {
..\..\User\main.c(109): warning:  #223-D: function "lcd_show_string" declared implicitly
      lcd_show_string(0, 0, 240, 16, 16, "TDS: ", BLUE);
..\..\User\main.c(109): error:  #20: identifier "BLUE" is undefined
      lcd_show_string(0, 0, 240, 16, 16, "TDS: ", BLUE);
..\..\User\main.c: 8 warnings, 5 errors
compiling stm32f1xx_hal.c...
compiling stm32f1xx_it.c...
compiling sys.c...
compiling system_stm32f1xx.c...
compiling delay.c...
compiling usart.c...
compiling stm32f1xx_hal_cortex.c...
compiling stm32f1xx_hal_dma.c...
compiling stm32f1xx_hal_gpio.c...
compiling stm32f1xx_hal_gpio_ex.c...
compiling stm32f1xx_hal_pwr.c...
compiling stm32f1xx_hal_rcc_ex.c...
compiling stm32f1xx_hal_rcc.c...
compiling stm32f1xx_hal_uart.c...
compiling led.c...
compiling stm32f1xx_ll_fsmc.c...
compiling key.c...
compiling stm32f1xx_hal_sram.c...
compiling stm32f1xx_hal_usart.c...
compiling spi.c...
compiling norflash.c...
compiling stm32f1xx_hal_tim_ex.c...
compiling stm32f1xx_hal_spi.c...
compiling esp8266.c...
..\..\Drivers\BSP\WIFI\esp8266.c(28): error:  #5: cannot open source input file "delay.h": No such file or directory
  #include "delay.h"
..\..\Drivers\BSP\WIFI\esp8266.c: 0 warnings, 1 error
compiling lcd.c...
compiling stm32f1xx_hal_tim.c...
compiling usmart_config.c...
compiling usmart_port.c...
compiling cJSON.c...
..\..\AWS\CJSON\cJSON.c(55): warning:  #1293-D: assignment in condition
        if (!(copy = (char*)cJSON_malloc(len))) return 0;
..\..\AWS\CJSON\cJSON.c(278): warning:  #1293-D: assignment in condition
  	ptr=str;while ((token=*ptr) && ++len) {if (strchr("\"\\\b\f\n\r\t",token)) len++; else if (token<32) len+=5;ptr++;}
..\..\AWS\CJSON\cJSON.c(352): warning:  #111-D: statement is unreachable
  	return p.buffer;
..\..\AWS\CJSON\cJSON.c(423): warning:  #1293-D: assignment in condition
  		if (!(new_item=cJSON_New_Item())) return 0; 	/* memory fail */
..\..\AWS\CJSON\cJSON.c(535): warning:  #1293-D: assignment in condition
  		if (!(new_item=cJSON_New_Item()))	return 0; /* memory fail */
..\..\AWS\CJSON\cJSON.c: 5 warnings, 0 errors
compiling usmart.c...
compiling usmart_str.c...
"..\..\Output\atk_f103.axf" - 6 Error(s), 13 Warning(s).

<h2>Software Packages used:</h2>

Package Vendor: Keil
                http://www.keil.com/pack/Keil.STM32F1xx_DFP.2.2.0.pack
                Keil.STM32F1xx_DFP.2.2.0
                STMicroelectronics STM32F1 Series Device Support, Drivers and Examples

<h2>Collection of Component include folders:</h2>
  .\RTE\_SPI
  D:\Keil5\ARM\PACK\Keil\STM32F1xx_DFP\2.2.0\Device\Include

<h2>Collection of Component Files used:</h2>
Target not created.
Build Time Elapsed:  00:00:01
</pre>
</body>
</html>
